# JRE version: Java(TM) SE Runtime Environment 18.9 (11.0.11+9) (build 11.0.11+9-LTS-194)
# Java VM: Java HotSpot(TM) 64-Bit Server VM 18.9 (11.0.11+9-LTS-194, mixed mode, tiered, compressed oops, parallel gc, bsd-amd64)
Heap:
 PSYoungGen      total 20992K, used 4K [0x00000007eab00000, 0x00000007ec200000, 0x0000000800000000)
  eden space 20480K, 0% used [0x00000007eab00000,0x00000007eab01170,0x00000007ebf00000)
  from space 512K, 0% used [0x00000007ebf00000,0x00000007ebf00000,0x00000007ebf80000)
  to   space 1024K, 0% used [0x00000007ec100000,0x00000007ec100000,0x00000007ec200000)
 ParOldGen       total 68608K, used 29929K [0x00000007c0000000, 0x00000007c4300000, 0x00000007eab00000)
  object space 68608K, 43% used [0x00000007c0000000,0x00000007c1d3a7f0,0x00000007c4300000)
 Metaspace       used 33712K, capacity 35530K, committed 35584K, reserved 1081344K
  class space    used 3166K, capacity 3826K, committed 3840K, reserved 1048576K
GC Heap History (10 events):
Event: 10.514 GC heap before
{Heap before GC invocations=15 (full 1):
 PSYoungGen      total 24064K, used 23936K [0x00000007eab00000, 0x00000007ec480000, 0x0000000800000000)
  eden space 22016K, 100% used [0x00000007eab00000,0x00000007ec080000,0x00000007ec080000)
  from space 2048K, 93% used [0x00000007ec180000,0x00000007ec360000,0x00000007ec380000)
  to   space 1024K, 0% used [0x00000007ec380000,0x00000007ec380000,0x00000007ec480000)
 ParOldGen       total 68608K, used 22693K [0x00000007c0000000, 0x00000007c4300000, 0x00000007eab00000)
  object space 68608K, 33% used [0x00000007c0000000,0x00000007c1629510,0x00000007c4300000)
 Metaspace       used 31396K, capacity 33103K, committed 33408K, reserved 1079296K
  class space    used 3013K, capacity 3657K, committed 3712K, reserved 1048576K
}
Event: 10.519 GC heap after
{Heap after GC invocations=15 (full 1):
 PSYoungGen      total 21504K, used 1024K [0x00000007eab00000, 0x00000007ec980000, 0x0000000800000000)
  eden space 20480K, 0% used [0x00000007eab00000,0x00000007eab00000,0x00000007ebf00000)
  from space 1024K, 100% used [0x00000007ec380000,0x00000007ec480000,0x00000007ec480000)
  to   space 4608K, 0% used [0x00000007ebf00000,0x00000007ebf00000,0x00000007ec380000)
 ParOldGen       total 68608K, used 25683K [0x00000007c0000000, 0x00000007c4300000, 0x00000007eab00000)
  object space 68608K, 37% used [0x00000007c0000000,0x00000007c1914da0,0x00000007c4300000)
 Metaspace       used 31396K, capacity 33103K, committed 33408K, reserved 1079296K
  class space    used 3013K, capacity 3657K, committed 3712K, reserved 1048576K
}
Event: 10.570 GC heap before
{Heap before GC invocations=16 (full 1):
 PSYoungGen      total 21504K, used 21504K [0x00000007eab00000, 0x00000007ec980000, 0x0000000800000000)
  eden space 20480K, 100% used [0x00000007eab00000,0x00000007ebf00000,0x00000007ebf00000)
  from space 1024K, 100% used [0x00000007ec380000,0x00000007ec480000,0x00000007ec480000)
  to   space 4608K, 0% used [0x00000007ebf00000,0x00000007ebf00000,0x00000007ec380000)
 ParOldGen       total 68608K, used 25683K [0x00000007c0000000, 0x00000007c4300000, 0x00000007eab00000)
  object space 68608K, 37% used [0x00000007c0000000,0x00000007c1914da0,0x00000007c4300000)
 Metaspace       used 31396K, capacity 33103K, committed 33408K, reserved 1079296K
  class space    used 3013K, capacity 3657K, committed 3712K, reserved 1048576K
}
Event: 10.574 GC heap after
{Heap after GC invocations=16 (full 1):
 PSYoungGen      total 22528K, used 1632K [0x00000007eab00000, 0x00000007ec400000, 0x0000000800000000)
  eden space 20480K, 0% used [0x00000007eab00000,0x00000007eab00000,0x00000007ebf00000)
  from space 2048K, 79% used [0x00000007ebf00000,0x00000007ec098000,0x00000007ec100000)
  to   space 2560K, 0% used [0x00000007ec180000,0x00000007ec180000,0x00000007ec400000)
 ParOldGen       total 68608K, used 26723K [0x00000007c0000000, 0x00000007c4300000, 0x00000007eab00000)
  object space 68608K, 38% used [0x00000007c0000000,0x00000007c1a18da0,0x00000007c4300000)
 Metaspace       used 31396K, capacity 33103K, committed 33408K, reserved 1079296K
  class space    used 3013K, capacity 3657K, committed 3712K, reserved 1048576K
}
Event: 10.944 GC heap before
{Heap before GC invocations=17 (full 1):
 PSYoungGen      total 22528K, used 22108K [0x00000007eab00000, 0x00000007ec400000, 0x0000000800000000)
  eden space 20480K, 99% used [0x00000007eab00000,0x00000007ebeff1a8,0x00000007ebf00000)
  from space 2048K, 79% used [0x00000007ebf00000,0x00000007ec098000,0x00000007ec100000)
  to   space 2560K, 0% used [0x00000007ec180000,0x00000007ec180000,0x00000007ec400000)
 ParOldGen       total 68608K, used 26723K [0x00000007c0000000, 0x00000007c4300000, 0x00000007eab00000)
  object space 68608K, 38% used [0x00000007c0000000,0x00000007c1a18da0,0x00000007c4300000)
 Metaspace       used 32331K, capacity 34218K, committed 34560K, reserved 1079296K
  class space    used 3068K, capacity 3730K, committed 3840K, reserved 1048576K
}
Event: 10.949 GC heap after
{Heap after GC invocations=17 (full 1):
 PSYoungGen      total 23040K, used 2178K [0x00000007eab00000, 0x00000007ec400000, 0x0000000800000000)
  eden space 20480K, 0% used [0x00000007eab00000,0x00000007eab00000,0x00000007ebf00000)
  from space 2560K, 85% used [0x00000007ec180000,0x00000007ec3a0a10,0x00000007ec400000)
  to   space 2560K, 0% used [0x00000007ebf00000,0x00000007ebf00000,0x00000007ec180000)
 ParOldGen       total 68608K, used 28344K [0x00000007c0000000, 0x00000007c4300000, 0x00000007eab00000)
  object space 68608K, 41% used [0x00000007c0000000,0x00000007c1bae0f8,0x00000007c4300000)
 Metaspace       used 32331K, capacity 34218K, committed 34560K, reserved 1079296K
  class space    used 3068K, capacity 3730K, committed 3840K, reserved 1048576K
}
Event: 11.140 GC heap before
{Heap before GC invocations=18 (full 1):
 PSYoungGen      total 23040K, used 11148K [0x00000007eab00000, 0x00000007ec400000, 0x0000000800000000)
  eden space 20480K, 43% used [0x00000007eab00000,0x00000007eb3c27c0,0x00000007ebf00000)
  from space 2560K, 85% used [0x00000007ec180000,0x00000007ec3a0a10,0x00000007ec400000)
  to   space 2560K, 0% used [0x00000007ebf00000,0x00000007ebf00000,0x00000007ec180000)
 ParOldGen       total 68608K, used 28344K [0x00000007c0000000, 0x00000007c4300000, 0x00000007eab00000)
  object space 68608K, 41% used [0x00000007c0000000,0x00000007c1bae0f8,0x00000007c4300000)
 Metaspace       used 33435K, capacity 35274K, committed 35328K, reserved 1081344K
  class space    used 3164K, capacity 3826K, committed 3840K, reserved 1048576K
}
Event: 11.154 GC heap after
{Heap after GC invocations=18 (full 1):
 PSYoungGen      total 20992K, used 128K [0x00000007eab00000, 0x00000007ec200000, 0x0000000800000000)
  eden space 20480K, 0% used [0x00000007eab00000,0x00000007eab00000,0x00000007ebf00000)
  from space 512K, 25% used [0x00000007ebf00000,0x00000007ebf20000,0x00000007ebf80000)
  to   space 1024K, 0% used [0x00000007ec100000,0x00000007ec100000,0x00000007ec200000)
 ParOldGen       total 68608K, used 30453K [0x00000007c0000000, 0x00000007c4300000, 0x00000007eab00000)
  object space 68608K, 44% used [0x00000007c0000000,0x00000007c1dbd6d8,0x00000007c4300000)
 Metaspace       used 33435K, capacity 35274K, committed 35328K, reserved 1081344K
  class space    used 3164K, capacity 3826K, committed 3840K, reserved 1048576K
}
Event: 11.154 GC heap before
{Heap before GC invocations=19 (full 2):
 PSYoungGen      total 20992K, used 128K [0x00000007eab00000, 0x00000007ec200000, 0x0000000800000000)
  eden space 20480K, 0% used [0x00000007eab00000,0x00000007eab00000,0x00000007ebf00000)
  from space 512K, 25% used [0x00000007ebf00000,0x00000007ebf20000,0x00000007ebf80000)
  to   space 1024K, 0% used [0x00000007ec100000,0x00000007ec100000,0x00000007ec200000)
 ParOldGen       total 68608K, used 30453K [0x00000007c0000000, 0x00000007c4300000, 0x00000007eab00000)
  object space 68608K, 44% used [0x00000007c0000000,0x00000007c1dbd6d8,0x00000007c4300000)
 Metaspace       used 33435K, capacity 35274K, committed 35328K, reserved 1081344K
  class space    used 3164K, capacity 3826K, committed 3840K, reserved 1048576K
}
Event: 11.341 GC heap after
{Heap after GC invocations=19 (full 2):
 PSYoungGen      total 20992K, used 0K [0x00000007eab00000, 0x00000007ec200000, 0x0000000800000000)
  eden space 20480K, 0% used [0x00000007eab00000,0x00000007eab00000,0x00000007ebf00000)
  from space 512K, 0% used [0x00000007ebf00000,0x00000007ebf00000,0x00000007ebf80000)
  to   space 1024K, 0% used [0x00000007ec100000,0x00000007ec100000,0x00000007ec200000)
 ParOldGen       total 68608K, used 29929K [0x00000007c0000000, 0x00000007c4300000, 0x00000007eab00000)
  object space 68608K, 43% used [0x00000007c0000000,0x00000007c1d3a7f0,0x00000007c4300000)
 Metaspace       used 33435K, capacity 35274K, committed 35328K, reserved 1081344K
  class space    used 3164K, capacity 3826K, committed 3840K, reserved 1048576K
}

